Image: S1/1.pgm
A:
[0.81106955, 0.011512009;
 0.018788472, 0.70804304]
b:
[-17.449177;
 -26.372976]

Image: S1/2.pgm
A:
[0.63765675, -0.12793434;
 0.012262158, 0.63261092]
b:
[-9.308032;
 -18.16786]

Image: S1/3.pgm
A:
[0.80458605, -0.052049682;
 0.063097544, 0.60443187]
b:
[-12.687053;
 -20.856146]

Image: S1/4.pgm
A:
[0.71355957, 0.096051939;
 0.037234824, 0.67909944]
b:
[-9.3448973;
 -20.465378]

Image: S1/5.pgm
A:
[0.66885239, -0.17847067;
 0.033128645, 0.65050197]
b:
[-9.9804173;
 -19.721277]

Image: S1/6.pgm
A:
[0.75792283, 0.10522006;
 0.04734626, 0.69487804]
b:
[-10.240383;
 -23.031525]

Image: S1/7.pgm
A:
[0.7886039, -0.0022163868;
 0.02333908, 0.7495932]
b:
[-13.981894;
 -22.861431]

Image: S1/8.pgm
A:
[0.82870156, -0.044768382;
 0.057225708, 0.66983867]
b:
[-17.102766;
 -22.269697]

Image: S1/9.pgm
A:
[0.77405214, -0.054874368;
 0.050093923, 0.68491095]
b:
[-16.856405;
 -14.759286]

Image: S1/10.pgm
A:
[0.7020334, -0.091534093;
 0.036999591, 0.63424462]
b:
[-14.211249;
 -24.280432]

Image: S2/1.pgm
A:
[0.85121626, 0.061459769;
 -0.051318996, 0.75441742]
b:
[-19.138283;
 -26.797432]

Image: S2/2.pgm
A:
[0.9054355, -0.037551839;
 -0.0076464284, 0.72428685]
b:
[-25.122662;
 -25.633995]

Image: S2/3.pgm
A:
[0.83396959, 0.13415296;
 -0.08302597, 0.75544268]
b:
[-18.500818;
 -25.446737]

Image: S2/4.pgm
A:
[0.9046151, -0.042434029;
 0.010883292, 0.77987325]
b:
[-22.009628;
 -30.925449]

Image: S2/5.pgm
A:
[0.8753379, -0.051854614;
 0.033892509, 0.74633247]
b:
[-27.604916;
 -30.172432]

Image: S2/6.pgm
A:
[0.83532917, 0.087086655;
 -0.0606854, 0.73299879]
b:
[-10.929342;
 -25.309187]

Image: S2/7.pgm
A:
[0.9323281, -0.0066212923;
 -0.015280746, 0.74975789]
b:
[-21.985582;
 -28.101305]

Image: S2/8.pgm
A:
[0.81688845, 0.096094571;
 -0.058720399, 0.75161552]
b:
[-17.035641;
 -25.762505]

Image: S2/9.pgm
A:
[0.87887299, 0.021145072;
 -0.03594663, 0.73742545]
b:
[-26.239241;
 -27.074223]

Image: S2/10.pgm
A:
[0.87253439, -0.16093141;
 0.064573579, 0.7818585]
b:
[-26.569763;
 -35.136772]

